#
# There is insufficient memory for the Java Runtime Environment to continue.
# Native memory allocation (malloc) failed to allocate 5162416 bytes for Chunk::new
# Possible reasons:
#   The system is out of physical RAM or swap space
#   The process is running with CompressedOops enabled, and the Java Heap may be blocking the growth of the native heap
# Possible solutions:
#   Reduce memory load on the system
#   Increase physical memory or swap space
#   Check if swap backing store is full
#   Decrease Java heap size (-Xmx/-Xms)
#   Decrease number of Java threads
#   Decrease Java thread stack sizes (-Xss)
#   Set larger code cache with -XX:ReservedCodeCacheSize=
#   JVM is running with Zero Based Compressed Oops mode in which the Java heap is
#     placed in the first 32GB address space. The Java Heap base address is the
#     maximum limit for the native heap growth. Please use -XX:HeapBaseMinAddress
#     to set the Java Heap base and to place the Java Heap above 32GB virtual address.
# This output file may be truncated or incomplete.
#
#  Out of Memory Error (./open/src/hotspot/share/memory/arena.cpp:197), pid=25604, tid=36808
#
# JRE version: Java(TM) SE Runtime Environment 18.9 (11.0.10+8) (build 11.0.10+8-LTS-162)
# Java VM: Java HotSpot(TM) 64-Bit Server VM 18.9 (11.0.10+8-LTS-162, mixed mode, tiered, compressed oops, g1 gc, windows-amd64)
# No core dump will be written. Minidumps are not enabled by default on client versions of Windows
#

---------------  S U M M A R Y ------------

Command Line: -agentlib:jdwp=transport=dt_socket,address=127.0.0.1:60041,suspend=y,server=n -javaagent:C:\Users\b6350\AppData\Local\JetBrains\Toolbox\apps\IDEA-C\ch-0\223.8214.52\plugins\java\lib\rt\debugger-agent.jar -Dfile.encoding=UTF-8 mfa.multiFactorAuth.MultiFactorAuthApplication

Host: Intel(R) Core(TM) i5-8265U CPU @ 1.60GHz, 8 cores, 15G,  Windows 10 , 64 bit Build 22621 (10.0.22621.1194)
Time: Sat Mar  4 16:47:49 2023 대한민국 표준시 elapsed time: 8.436108 seconds (0d 0h 0m 8s)

---------------  T H R E A D  ---------------

Current thread (0x000001b3e9acf800):  JavaThread "C2 CompilerThread0" daemon [_thread_in_native, id=36808, stack(0x0000003382d00000,0x0000003382e00000)]


Current CompileTask:
C2:   8436 4216   !   4       org.springframework.core.annotation.AnnotationsScanner::processMethodHierarchy (276 bytes)

Stack: [0x0000003382d00000,0x0000003382e00000]
Native frames: (J=compiled Java code, j=interpreted, Vv=VM code, C=native code)
V  [jvm.dll+0x613e6a]
V  [jvm.dll+0x74c1ff]
V  [jvm.dll+0x74d885]
V  [jvm.dll+0x74df03]
V  [jvm.dll+0x243b78]
V  [jvm.dll+0xba2cc]
V  [jvm.dll+0xba9cc]
V  [jvm.dll+0x3469c7]
V  [jvm.dll+0x194251]
V  [jvm.dll+0x1fd4a2]
V  [jvm.dll+0x1fc54f]
V  [jvm.dll+0x17f09c]
V  [jvm.dll+0x20bbd4]
V  [jvm.dll+0x209cab]
V  [jvm.dll+0x713619]
V  [jvm.dll+0x70c314]
V  [jvm.dll+0x613036]
C  [ucrtbase.dll+0x29363]
C  [KERNEL32.DLL+0x126bd]
C  [ntdll.dll+0x5dfb8]


---------------  P R O C E S S  ---------------

Threads class SMR info:
_java_thread_list=0x000001b3f4d7d5d0, length=20, elements={
0x000001b3c3905800, 0x000001b3e91b2800, 0x000001b3e91b5000, 0x000001b3e9aca000,
0x000001b3e9acc000, 0x000001b3e9acf800, 0x000001b3e9ad4800, 0x000001b3e9ad6800,
0x000001b3e915e000, 0x000001b3e9d7f000, 0x000001b3e9f52800, 0x000001b3e9fa0000,
0x000001b3e9f18000, 0x000001b3ea66a000, 0x000001b3ecdf2000, 0x000001b3ed3c3800,
0x000001b3eebeb000, 0x000001b3ed022000, 0x000001b3f29ed800, 0x000001b3f29ef000
}

Java Threads: ( => current thread )
  0x000001b3c3905800 JavaThread "main" [_thread_blocked, id=21508, stack(0x0000003382200000,0x0000003382300000)]
  0x000001b3e91b2800 JavaThread "Reference Handler" daemon [_thread_blocked, id=28248, stack(0x0000003382900000,0x0000003382a00000)]
  0x000001b3e91b5000 JavaThread "Finalizer" daemon [_thread_blocked, id=30120, stack(0x0000003382a00000,0x0000003382b00000)]
  0x000001b3e9aca000 JavaThread "Signal Dispatcher" daemon [_thread_blocked, id=17364, stack(0x0000003382b00000,0x0000003382c00000)]
  0x000001b3e9acc000 JavaThread "Attach Listener" daemon [_thread_blocked, id=33008, stack(0x0000003382c00000,0x0000003382d00000)]
=>0x000001b3e9acf800 JavaThread "C2 CompilerThread0" daemon [_thread_in_native, id=36808, stack(0x0000003382d00000,0x0000003382e00000)]
  0x000001b3e9ad4800 JavaThread "C1 CompilerThread0" daemon [_thread_blocked, id=17960, stack(0x0000003382e00000,0x0000003382f00000)]
  0x000001b3e9ad6800 JavaThread "Sweeper thread" daemon [_thread_blocked, id=35768, stack(0x0000003382f00000,0x0000003383000000)]
  0x000001b3e915e000 JavaThread "Common-Cleaner" daemon [_thread_blocked, id=35692, stack(0x0000003383000000,0x0000003383100000)]
  0x000001b3e9d7f000 JavaThread "JDWP Transport Listener: dt_socket" daemon [_thread_blocked, id=11524, stack(0x0000003383200000,0x0000003383300000)]
  0x000001b3e9f52800 JavaThread "JDWP Event Helper Thread" daemon [_thread_blocked, id=24800, stack(0x0000003383300000,0x0000003383400000)]
  0x000001b3e9fa0000 JavaThread "JDWP Command Reader" daemon [_thread_in_native, id=35628, stack(0x0000003383400000,0x0000003383500000)]
  0x000001b3e9f18000 JavaThread "Service Thread" daemon [_thread_blocked, id=16228, stack(0x0000003383500000,0x0000003383600000)]
  0x000001b3ea66a000 JavaThread "C2 CompilerThread1" daemon [_thread_blocked, id=31556, stack(0x0000003383100000,0x0000003383200000)]
  0x000001b3ecdf2000 JavaThread "C2 CompilerThread2" daemon [_thread_in_native, id=19968, stack(0x0000003383700000,0x0000003383800000)]
  0x000001b3ed3c3800 JavaThread "Catalina-utility-1" [_thread_blocked, id=36116, stack(0x0000003383d00000,0x0000003383e00000)]
  0x000001b3eebeb000 JavaThread "Catalina-utility-2" [_thread_blocked, id=6604, stack(0x0000003383f00000,0x0000003384000000)]
  0x000001b3ed022000 JavaThread "container-0" [_thread_blocked, id=33996, stack(0x0000003384000000,0x0000003384100000)]
  0x000001b3f29ed800 JavaThread "HikariPool-1 housekeeper" daemon [_thread_blocked, id=28944, stack(0x0000003384200000,0x0000003384300000)]
  0x000001b3f29ef000 JavaThread "HikariPool-1 connection adder" daemon [_thread_blocked, id=35188, stack(0x0000003384300000,0x0000003384400000)]

Other Threads:
  0x000001b3e919f800 VMThread "VM Thread" [stack: 0x0000003382800000,0x0000003382900000] [id=28832]
  0x000001b3e9f0e000 WatcherThread [stack: 0x0000003383600000,0x0000003383700000] [id=21472]
  0x000001b3c391a000 GCTaskThread "GC Thread#0" [stack: 0x0000003382300000,0x0000003382400000] [id=27924]
  0x000001b3ead58800 GCTaskThread "GC Thread#1" [stack: 0x0000003383800000,0x0000003383900000] [id=32196]
  0x000001b3eac82000 GCTaskThread "GC Thread#2" [stack: 0x0000003383900000,0x0000003383a00000] [id=26356]
  0x000001b3eae5b000 GCTaskThread "GC Thread#3" [stack: 0x0000003383a00000,0x0000003383b00000] [id=28056]
  0x000001b3eae5c000 GCTaskThread "GC Thread#4" [stack: 0x0000003383b00000,0x0000003383c00000] [id=22720]
  0x000001b3ea5d4000 GCTaskThread "GC Thread#5" [stack: 0x0000003383c00000,0x0000003383d00000] [id=35964]
  0x000001b3f280d800 GCTaskThread "GC Thread#6" [stack: 0x0000003384400000,0x0000003384500000] [id=23472]
  0x000001b3f280c800 GCTaskThread "GC Thread#7" [stack: 0x0000003384500000,0x0000003384600000] [id=8768]
  0x000001b3c3978000 ConcurrentGCThread "G1 Main Marker" [stack: 0x0000003382400000,0x0000003382500000] [id=27280]
  0x000001b3c3979800 ConcurrentGCThread "G1 Conc#0" [stack: 0x0000003382500000,0x0000003382600000] [id=32364]
  0x000001b3eaf63800 ConcurrentGCThread "G1 Conc#1" [stack: 0x0000003383e00000,0x0000003383f00000] [id=23588]
  0x000001b3c39ce000 ConcurrentGCThread "G1 Refine#0" [stack: 0x0000003382600000,0x0000003382700000] [id=24116]
  0x000001b3e908e800 ConcurrentGCThread "G1 Young RemSet Sampling" [stack: 0x0000003382700000,0x0000003382800000] [id=24460]

Threads with active compile tasks:
C2 CompilerThread0   8479 4216   !   4       org.springframework.core.annotation.AnnotationsScanner::processMethodHierarchy (276 bytes)
C2 CompilerThread1   8479 4328       4       org.springframework.util.ConcurrentReferenceHashMap$Segment::restructureIfNecessary (56 bytes)
C2 CompilerThread2   8479 4301       4       org.springframework.core.annotation.AnnotationsScanner::process (43 bytes)

VM state:at safepoint (normal execution)

VM Mutex/Monitor currently owned by a thread:  ([mutex/lock_event])
[0x000001b3c3900a00] Threads_lock - owner thread: 0x000001b3e919f800
[0x000001b3c38ffd10] Heap_lock - owner thread: 0x000001b3c3905800

Heap address: 0x0000000703200000, size: 4046 MB, Compressed Oops mode: Zero based, Oop shift amount: 3
Narrow klass base: 0x0000000800000000, Narrow klass shift: 0
Compressed class space size: 1073741824 Address: 0x0000000800000000

Heap:
 garbage-first heap   total 260096K, used 62396K [0x0000000703200000, 0x0000000800000000)
  region size 1024K, 54 young (55296K), 11 survivors (11264K)
 Metaspace       used 58659K, capacity 60122K, committed 60208K, reserved 1101824K
  class space    used 7407K, capacity 7988K, committed 8064K, reserved 1048576K
Heap Regions: E=young(eden), S=young(survivor), O=old, HS=humongous(starts), HC=humongous(continues), CS=collection set, F=free, A=archive, TAMS=top-at-mark-start (previous, next)
|   0|0x0000000703200000, 0x0000000703300000, 0x0000000703300000|100%|HS|  |TAMS 0x0000000703300000, 0x0000000703300000| Complete 
|   1|0x0000000703300000, 0x0000000703400000, 0x0000000703400000|100%| O|  |TAMS 0x0000000703400000, 0x0000000703400000| Untracked 
|   2|0x0000000703400000, 0x0000000703500000, 0x0000000703500000|100%| O|  |TAMS 0x0000000703500000, 0x0000000703500000| Untracked 
|   3|0x0000000703500000, 0x0000000703600000, 0x0000000703600000|100%| O|  |TAMS 0x0000000703600000, 0x0000000703600000| Untracked 
|   4|0x0000000703600000, 0x0000000703700000, 0x0000000703700000|100%| O|  |TAMS 0x0000000703700000, 0x0000000703700000| Untracked 
|   5|0x0000000703700000, 0x0000000703800000, 0x0000000703800000|100%| O|  |TAMS 0x0000000703800000, 0x0000000703800000| Untracked 
|   6|0x0000000703800000, 0x0000000703900000, 0x0000000703900000|100%| O|  |TAMS 0x000000070386fc00, 0x0000000703900000| Untracked 
|   7|0x0000000703900000, 0x0000000703a00000, 0x0000000703a00000|100%| O|  |TAMS 0x0000000703900000, 0x0000000703a00000| Untracked 
|   8|0x0000000703a00000, 0x0000000703af4ab0, 0x0000000703b00000| 95%| O|  |TAMS 0x0000000703a00000, 0x0000000703b00000| Untracked 
|   9|0x0000000703b00000, 0x0000000703b00000, 0x0000000703c00000|  0%| F|  |TAMS 0x0000000703b00000, 0x0000000703b00000| Untracked 
|  10|0x0000000703c00000, 0x0000000703c00000, 0x0000000703d00000|  0%| F|  |TAMS 0x0000000703c00000, 0x0000000703c00000| Untracked 
|  11|0x0000000703d00000, 0x0000000703d00000, 0x0000000703e00000|  0%| F|  |TAMS 0x0000000703d00000, 0x0000000703d00000| Untracked 
|  12|0x0000000703e00000, 0x0000000703e00000, 0x0000000703f00000|  0%| F|  |TAMS 0x0000000703e00000, 0x0000000703e00000| Untracked 
|  13|0x0000000703f00000, 0x0000000703f00000, 0x0000000704000000|  0%| F|  |TAMS 0x0000000703f00000, 0x0000000703f00000| Untracked 
|  14|0x0000000704000000, 0x0000000704000000, 0x0000000704100000|  0%| F|  |TAMS 0x0000000704000000, 0x0000000704000000| Untracked 
|  15|0x0000000704100000, 0x0000000704100000, 0x0000000704200000|  0%| F|  |TAMS 0x0000000704100000, 0x0000000704100000| Untracked 
|  16|0x0000000704200000, 0x0000000704200000, 0x0000000704300000|  0%| F|  |TAMS 0x0000000704200000, 0x0000000704200000| Untracked 
|  17|0x0000000704300000, 0x0000000704300000, 0x0000000704400000|  0%| F|  |TAMS 0x0000000704300000, 0x0000000704300000| Untracked 
|  18|0x0000000704400000, 0x0000000704400000, 0x0000000704500000|  0%| F|  |TAMS 0x0000000704400000, 0x0000000704400000| Untracked 
|  19|0x0000000704500000, 0x0000000704500000, 0x0000000704600000|  0%| F|  |TAMS 0x0000000704500000, 0x0000000704500000| Untracked 
|  20|0x0000000704600000, 0x0000000704600000, 0x0000000704700000|  0%| F|  |TAMS 0x0000000704600000, 0x0000000704600000| Untracked 
|  21|0x0000000704700000, 0x0000000704700000, 0x0000000704800000|  0%| F|  |TAMS 0x0000000704700000, 0x0000000704700000| Untracked 
|  22|0x0000000704800000, 0x0000000704800000, 0x0000000704900000|  0%| F|  |TAMS 0x0000000704800000, 0x0000000704800000| Untracked 
|  23|0x0000000704900000, 0x0000000704900000, 0x0000000704a00000|  0%| F|  |TAMS 0x0000000704900000, 0x0000000704900000| Untracked 
|  24|0x0000000704a00000, 0x0000000704a00000, 0x0000000704b00000|  0%| F|  |TAMS 0x0000000704a00000, 0x0000000704a00000| Untracked 
|  25|0x0000000704b00000, 0x0000000704b00000, 0x0000000704c00000|  0%| F|  |TAMS 0x0000000704b00000, 0x0000000704b00000| Untracked 
|  26|0x0000000704c00000, 0x0000000704c00000, 0x0000000704d00000|  0%| F|  |TAMS 0x0000000704c00000, 0x0000000704c00000| Untracked 
|  27|0x0000000704d00000, 0x0000000704d00000, 0x0000000704e00000|  0%| F|  |TAMS 0x0000000704d00000, 0x0000000704d00000| Untracked 
|  28|0x0000000704e00000, 0x0000000704e00000, 0x0000000704f00000|  0%| F|  |TAMS 0x0000000704e00000, 0x0000000704e00000| Untracked 
|  29|0x0000000704f00000, 0x0000000704f00000, 0x0000000705000000|  0%| F|  |TAMS 0x0000000704f00000, 0x0000000704f00000| Untracked 
|  30|0x0000000705000000, 0x0000000705000000, 0x0000000705100000|  0%| F|  |TAMS 0x0000000705000000, 0x0000000705000000| Untracked 
|  31|0x0000000705100000, 0x0000000705100000, 0x0000000705200000|  0%| F|  |TAMS 0x0000000705100000, 0x0000000705100000| Untracked 
|  32|0x0000000705200000, 0x0000000705200000, 0x0000000705300000|  0%| F|  |TAMS 0x0000000705200000, 0x0000000705200000| Untracked 
|  33|0x0000000705300000, 0x0000000705300000, 0x0000000705400000|  0%| F|  |TAMS 0x0000000705300000, 0x0000000705300000| Untracked 
|  34|0x0000000705400000, 0x0000000705400000, 0x0000000705500000|  0%| F|  |TAMS 0x0000000705400000, 0x0000000705400000| Untracked 
|  35|0x0000000705500000, 0x0000000705500000, 0x0000000705600000|  0%| F|  |TAMS 0x0000000705500000, 0x0000000705500000| Untracked 
|  36|0x0000000705600000, 0x0000000705600000, 0x0000000705700000|  0%| F|  |TAMS 0x0000000705600000, 0x0000000705600000| Untracked 
|  37|0x0000000705700000, 0x0000000705700000, 0x0000000705800000|  0%| F|  |TAMS 0x0000000705700000, 0x0000000705700000| Untracked 
|  38|0x0000000705800000, 0x0000000705800000, 0x0000000705900000|  0%| F|  |TAMS 0x0000000705800000, 0x0000000705800000| Untracked 
|  39|0x0000000705900000, 0x0000000705900000, 0x0000000705a00000|  0%| F|  |TAMS 0x0000000705900000, 0x0000000705900000| Untracked 
|  40|0x0000000705a00000, 0x0000000705a00000, 0x0000000705b00000|  0%| F|  |TAMS 0x0000000705a00000, 0x0000000705a00000| Untracked 
|  41|0x0000000705b00000, 0x0000000705b00000, 0x0000000705c00000|  0%| F|  |TAMS 0x0000000705b00000, 0x0000000705b00000| Untracked 
|  42|0x0000000705c00000, 0x0000000705c00000, 0x0000000705d00000|  0%| F|  |TAMS 0x0000000705c00000, 0x0000000705c00000| Untracked 
|  43|0x0000000705d00000, 0x0000000705d00000, 0x0000000705e00000|  0%| F|  |TAMS 0x0000000705d00000, 0x0000000705d00000| Untracked 
|  44|0x0000000705e00000, 0x0000000705e00000, 0x0000000705f00000|  0%| F|  |TAMS 0x0000000705e00000, 0x0000000705e00000| Untracked 
|  45|0x0000000705f00000, 0x0000000705f00000, 0x0000000706000000|  0%| F|  |TAMS 0x0000000705f00000, 0x0000000705f00000| Untracked 
|  46|0x0000000706000000, 0x0000000706000000, 0x0000000706100000|  0%| F|  |TAMS 0x0000000706000000, 0x0000000706000000| Untracked 
|  47|0x0000000706100000, 0x0000000706100000, 0x0000000706200000|  0%| F|  |TAMS 0x0000000706100000, 0x0000000706100000| Untracked 
|  48|0x0000000706200000, 0x0000000706200000, 0x0000000706300000|  0%| F|  |TAMS 0x0000000706200000, 0x0000000706200000| Untracked 
|  49|0x0000000706300000, 0x0000000706300000, 0x0000000706400000|  0%| F|  |TAMS 0x0000000706300000, 0x0000000706300000| Untracked 
|  50|0x0000000706400000, 0x0000000706400000, 0x0000000706500000|  0%| F|  |TAMS 0x0000000706400000, 0x0000000706400000| Untracked 
|  51|0x0000000706500000, 0x0000000706500000, 0x0000000706600000|  0%| F|  |TAMS 0x0000000706500000, 0x0000000706500000| Untracked 
|  52|0x0000000706600000, 0x0000000706600000, 0x0000000706700000|  0%| F|  |TAMS 0x0000000706600000, 0x0000000706600000| Untracked 
|  53|0x0000000706700000, 0x0000000706700000, 0x0000000706800000|  0%| F|  |TAMS 0x0000000706700000, 0x0000000706700000| Untracked 
|  54|0x0000000706800000, 0x0000000706800000, 0x0000000706900000|  0%| F|  |TAMS 0x0000000706800000, 0x0000000706800000| Untracked 
|  55|0x0000000706900000, 0x0000000706900000, 0x0000000706a00000|  0%| F|  |TAMS 0x0000000706900000, 0x0000000706900000| Untracked 
|  56|0x0000000706a00000, 0x0000000706a00000, 0x0000000706b00000|  0%| F|  |TAMS 0x0000000706a00000, 0x0000000706a00000| Untracked 
|  57|0x0000000706b00000, 0x0000000706b00000, 0x0000000706c00000|  0%| F|  |TAMS 0x0000000706b00000, 0x0000000706b00000| Untracked 
|  58|0x0000000706c00000, 0x0000000706c00000, 0x0000000706d00000|  0%| F|  |TAMS 0x0000000706c00000, 0x0000000706c00000| Untracked 
|  59|0x0000000706d00000, 0x0000000706d00000, 0x0000000706e00000|  0%| F|  |TAMS 0x0000000706d00000, 0x0000000706d00000| Untracked 
|  60|0x0000000706e00000, 0x0000000706e00000, 0x0000000706f00000|  0%| F|  |TAMS 0x0000000706e00000, 0x0000000706e00000| Untracked 
|  61|0x0000000706f00000, 0x0000000706f00000, 0x0000000707000000|  0%| F|  |TAMS 0x0000000706f00000, 0x0000000706f00000| Untracked 
|  62|0x0000000707000000, 0x0000000707000000, 0x0000000707100000|  0%| F|  |TAMS 0x0000000707000000, 0x0000000707000000| Untracked 
|  63|0x0000000707100000, 0x0000000707100000, 0x0000000707200000|  0%| F|  |TAMS 0x0000000707100000, 0x0000000707100000| Untracked 
|  64|0x0000000707200000, 0x0000000707200000, 0x0000000707300000|  0%| F|  |TAMS 0x0000000707200000, 0x0000000707200000| Untracked 
|  65|0x0000000707300000, 0x0000000707300000, 0x0000000707400000|  0%| F|  |TAMS 0x0000000707300000, 0x0000000707300000| Untracked 
|  66|0x0000000707400000, 0x0000000707400000, 0x0000000707500000|  0%| F|  |TAMS 0x0000000707400000, 0x0000000707400000| Untracked 
|  67|0x0000000707500000, 0x0000000707500000, 0x0000000707600000|  0%| F|  |TAMS 0x0000000707500000, 0x0000000707500000| Untracked 
|  68|0x0000000707600000, 0x0000000707600000, 0x0000000707700000|  0%| F|  |TAMS 0x0000000707600000, 0x0000000707600000| Untracked 
|  69|0x0000000707700000, 0x0000000707700000, 0x0000000707800000|  0%| F|  |TAMS 0x0000000707700000, 0x0000000707700000| Untracked 
|  70|0x0000000707800000, 0x0000000707800000, 0x0000000707900000|  0%| F|  |TAMS 0x0000000707800000, 0x0000000707800000| Untracked 
|  71|0x0000000707900000, 0x0000000707900000, 0x0000000707a00000|  0%| F|  |TAMS 0x0000000707900000, 0x0000000707900000| Untracked 
|  72|0x0000000707a00000, 0x0000000707a00000, 0x0000000707b00000|  0%| F|  |TAMS 0x0000000707a00000, 0x0000000707a00000| Untracked 
|  73|0x0000000707b00000, 0x0000000707b00000, 0x0000000707c00000|  0%| F|  |TAMS 0x0000000707b00000, 0x0000000707b00000| Untracked 
|  74|0x0000000707c00000, 0x0000000707c00000, 0x0000000707d00000|  0%| F|  |TAMS 0x0000000707c00000, 0x0000000707c00000| Untracked 
|  75|0x0000000707d00000, 0x0000000707d00000, 0x0000000707e00000|  0%| F|  |TAMS 0x0000000707d00000, 0x0000000707d00000| Untracked 
|  76|0x0000000707e00000, 0x0000000707e00000, 0x0000000707f00000|  0%| F|  |TAMS 0x0000000707e00000, 0x0000000707e00000| Untracked 
|  77|0x0000000707f00000, 0x0000000707f00000, 0x0000000708000000|  0%| F|  |TAMS 0x0000000707f00000, 0x0000000707f00000| Untracked 
|  78|0x0000000708000000, 0x0000000708000000, 0x0000000708100000|  0%| F|  |TAMS 0x0000000708000000, 0x0000000708000000| Untracked 
|  79|0x0000000708100000, 0x0000000708100000, 0x0000000708200000|  0%| F|  |TAMS 0x0000000708100000, 0x0000000708100000| Untracked 
|  80|0x0000000708200000, 0x0000000708200000, 0x0000000708300000|  0%| F|  |TAMS 0x0000000708200000, 0x0000000708200000| Untracked 
|  81|0x0000000708300000, 0x0000000708300000, 0x0000000708400000|  0%| F|  |TAMS 0x0000000708300000, 0x0000000708300000| Untracked 
|  82|0x0000000708400000, 0x0000000708400000, 0x0000000708500000|  0%| F|  |TAMS 0x0000000708400000, 0x0000000708400000| Untracked 
|  83|0x0000000708500000, 0x0000000708500000, 0x0000000708600000|  0%| F|  |TAMS 0x0000000708500000, 0x0000000708500000| Untracked 
|  84|0x0000000708600000, 0x0000000708600000, 0x0000000708700000|  0%| F|  |TAMS 0x0000000708600000, 0x0000000708600000| Untracked 
|  85|0x0000000708700000, 0x0000000708700000, 0x0000000708800000|  0%| F|  |TAMS 0x0000000708700000, 0x0000000708700000| Untracked 
|  86|0x0000000708800000, 0x0000000708800000, 0x0000000708900000|  0%| F|  |TAMS 0x0000000708800000, 0x0000000708800000| Untracked 
|  87|0x0000000708900000, 0x0000000708900000, 0x0000000708a00000|  0%| F|  |TAMS 0x0000000708900000, 0x0000000708900000| Untracked 
|  88|0x0000000708a00000, 0x0000000708a00000, 0x0000000708b00000|  0%| F|  |TAMS 0x0000000708a00000, 0x0000000708a00000| Untracked 
|  89|0x0000000708b00000, 0x0000000708b00000, 0x0000000708c00000|  0%| F|  |TAMS 0x0000000708b00000, 0x0000000708b00000| Untracked 
|  90|0x0000000708c00000, 0x0000000708c00000, 0x0000000708d00000|  0%| F|  |TAMS 0x0000000708c00000, 0x0000000708c00000| Untracked 
|  91|0x0000000708d00000, 0x0000000708d00000, 0x0000000708e00000|  0%| F|  |TAMS 0x0000000708d00000, 0x0000000708d00000| Untracked 
|  92|0x0000000708e00000, 0x0000000708e00000, 0x0000000708f00000|  0%| F|  |TAMS 0x0000000708e00000, 0x0000000708e00000| Untracked 
|  93|0x0000000708f00000, 0x0000000708f00000, 0x0000000709000000|  0%| F|  |TAMS 0x0000000708f00000, 0x0000000708f00000| Untracked 
|  94|0x0000000709000000, 0x0000000709000000, 0x0000000709100000|  0%| F|  |TAMS 0x0000000709000000, 0x0000000709000000| Untracked 
|  95|0x0000000709100000, 0x0000000709100000, 0x0000000709200000|  0%| F|  |TAMS 0x0000000709100000, 0x0000000709100000| Untracked 
|  96|0x0000000709200000, 0x0000000709200000, 0x0000000709300000|  0%| F|  |TAMS 0x0000000709200000, 0x0000000709200000| Untracked 
|  97|0x0000000709300000, 0x0000000709300000, 0x0000000709400000|  0%| F|  |TAMS 0x0000000709300000, 0x0000000709300000| Untracked 
|  98|0x0000000709400000, 0x0000000709400000, 0x0000000709500000|  0%| F|  |TAMS 0x0000000709400000, 0x0000000709400000| Untracked 
|  99|0x0000000709500000, 0x0000000709500000, 0x0000000709600000|  0%| F|  |TAMS 0x0000000709500000, 0x0000000709500000| Untracked 
| 100|0x0000000709600000, 0x0000000709600000, 0x0000000709700000|  0%| F|  |TAMS 0x0000000709600000, 0x0000000709600000| Untracked 
| 101|0x0000000709700000, 0x0000000709700000, 0x0000000709800000|  0%| F|  |TAMS 0x0000000709700000, 0x0000000709700000| Untracked 
| 102|0x0000000709800000, 0x0000000709800000, 0x0000000709900000|  0%| F|  |TAMS 0x0000000709800000, 0x0000000709800000| Untracked 
| 103|0x0000000709900000, 0x0000000709900000, 0x0000000709a00000|  0%| F|  |TAMS 0x0000000709900000, 0x0000000709900000| Untracked 
| 104|0x0000000709a00000, 0x0000000709a00000, 0x0000000709b00000|  0%| F|  |TAMS 0x0000000709a00000, 0x0000000709a00000| Untracked 
| 105|0x0000000709b00000, 0x0000000709b00000, 0x0000000709c00000|  0%| F|  |TAMS 0x0000000709b00000, 0x0000000709b00000| Untracked 
| 106|0x0000000709c00000, 0x0000000709c00000, 0x0000000709d00000|  0%| F|  |TAMS 0x0000000709c00000, 0x0000000709c00000| Untracked 
| 107|0x0000000709d00000, 0x0000000709d00000, 0x0000000709e00000|  0%| F|  |TAMS 0x0000000709d00000, 0x0000000709d00000| Untracked 
| 108|0x0000000709e00000, 0x0000000709e00000, 0x0000000709f00000|  0%| F|  |TAMS 0x0000000709e00000, 0x0000000709e00000| Untracked 
| 109|0x0000000709f00000, 0x0000000709f00000, 0x000000070a000000|  0%| F|  |TAMS 0x0000000709f00000, 0x0000000709f00000| Untracked 
| 110|0x000000070a000000, 0x000000070a000000, 0x000000070a100000|  0%| F|  |TAMS 0x000000070a000000, 0x000000070a000000| Untracked 
| 111|0x000000070a100000, 0x000000070a100000, 0x000000070a200000|  0%| F|  |TAMS 0x000000070a100000, 0x000000070a100000| Untracked 
| 112|0x000000070a200000, 0x000000070a200000, 0x000000070a300000|  0%| F|  |TAMS 0x000000070a200000, 0x000000070a200000| Untracked 
| 113|0x000000070a300000, 0x000000070a300000, 0x000000070a400000|  0%| F|  |TAMS 0x000000070a300000, 0x000000070a300000| Untracked 
| 114|0x000000070a400000, 0x000000070a400000, 0x000000070a500000|  0%| F|  |TAMS 0x000000070a400000, 0x000000070a400000| Untracked 
| 115|0x000000070a500000, 0x000000070a500000, 0x000000070a600000|  0%| F|  |TAMS 0x000000070a500000, 0x000000070a500000| Untracked 
| 116|0x000000070a600000, 0x000000070a600000, 0x000000070a700000|  0%| F|  |TAMS 0x000000070a600000, 0x000000070a600000| Untracked 
| 117|0x000000070a700000, 0x000000070a700000, 0x000000070a800000|  0%| F|  |TAMS 0x000000070a700000, 0x000000070a700000| Untracked 
| 118|0x000000070a800000, 0x000000070a800000, 0x000000070a900000|  0%| F|  |TAMS 0x000000070a800000, 0x000000070a800000| Untracked 
| 119|0x000000070a900000, 0x000000070a900000, 0x000000070aa00000|  0%| F|  |TAMS 0x000000070a900000, 0x000000070a900000| Untracked 
| 120|0x000000070aa00000, 0x000000070aa00000, 0x000000070ab00000|  0%| F|  |TAMS 0x000000070aa00000, 0x000000070aa00000| Untracked 
| 121|0x000000070ab00000, 0x000000070ab00000, 0x000000070ac00000|  0%| F|  |TAMS 0x000000070ab00000, 0x000000070ab00000| Untracked 
| 122|0x000000070ac00000, 0x000000070ac00000, 0x000000070ad00000|  0%| F|  |TAMS 0x000000070ac00000, 0x000000070ac00000| Untracked 
| 123|0x000000070ad00000, 0x000000070ad00000, 0x000000070ae00000|  0%| F|  |TAMS 0x000000070ad00000, 0x000000070ad00000| Untracked 
| 124|0x000000070ae00000, 0x000000070ae00000, 0x000000070af00000|  0%| F|  |TAMS 0x000000070ae00000, 0x000000070ae00000| Untracked 
| 125|0x000000070af00000, 0x000000070af00000, 0x000000070b000000|  0%| F|  |TAMS 0x000000070af00000, 0x000000070af00000| Untracked 
| 126|0x000000070b000000, 0x000000070b000000, 0x000000070b100000|  0%| F|  |TAMS 0x000000070b000000, 0x000000070b000000| Untracked 
| 127|0x000000070b100000, 0x000000070b100000, 0x000000070b200000|  0%| F|  |TAMS 0x000000070b100000, 0x000000070b100000| Untracked 
| 128|0x000000070b200000, 0x000000070b200000, 0x000000070b300000|  0%| F|  |TAMS 0x000000070b200000, 0x000000070b200000| Untracked 
| 129|0x000000070b300000, 0x000000070b300000, 0x000000070b400000|  0%| F|  |TAMS 0x000000070b300000, 0x000000070b300000| Untracked 
| 130|0x000000070b400000, 0x000000070b400000, 0x000000070b500000|  0%| F|  |TAMS 0x000000070b400000, 0x000000070b400000| Untracked 
| 131|0x000000070b500000, 0x000000070b500000, 0x000000070b600000|  0%| F|  |TAMS 0x000000070b500000, 0x000000070b500000| Untracked 
| 132|0x000000070b600000, 0x000000070b600000, 0x000000070b700000|  0%| F|  |TAMS 0x000000070b600000, 0x000000070b600000| Untracked 
| 133|0x000000070b700000, 0x000000070b700000, 0x000000070b800000|  0%| F|  |TAMS 0x000000070b700000, 0x000000070b700000| Untracked 
| 134|0x000000070b800000, 0x000000070b800000, 0x000000070b900000|  0%| F|  |TAMS 0x000000070b800000, 0x000000070b800000| Untracked 
| 135|0x000000070b900000, 0x000000070b900000, 0x000000070ba00000|  0%| F|  |TAMS 0x000000070b900000, 0x000000070b900000| Untracked 
| 136|0x000000070ba00000, 0x000000070ba00000, 0x000000070bb00000|  0%| F|  |TAMS 0x000000070ba00000, 0x000000070ba00000| Untracked 
| 137|0x000000070bb00000, 0x000000070bb00000, 0x000000070bc00000|  0%| F|  |TAMS 0x000000070bb00000, 0x000000070bb00000| Untracked 
| 138|0x000000070bc00000, 0x000000070bc00000, 0x000000070bd00000|  0%| F|  |TAMS 0x000000070bc00000, 0x000000070bc00000| Untracked 
| 139|0x000000070bd00000, 0x000000070bd00000, 0x000000070be00000|  0%| F|  |TAMS 0x000000070bd00000, 0x000000070bd00000| Untracked 
| 140|0x000000070be00000, 0x000000070be00000, 0x000000070bf00000|  0%| F|  |TAMS 0x000000070be00000, 0x000000070be00000| Untracked 
| 141|0x000000070bf00000, 0x000000070bf00000, 0x000000070c000000|  0%| F|  |TAMS 0x000000070bf00000, 0x000000070bf00000| Untracked 
| 142|0x000000070c000000, 0x000000070c000000, 0x000000070c100000|  0%| F|  |TAMS 0x000000070c000000, 0x000000070c000000| Untracked 
| 143|0x000000070c100000, 0x000000070c100000, 0x000000070c200000|  0%| F|  |TAMS 0x000000070c100000, 0x000000070c100000| Untracked 
| 144|0x000000070c200000, 0x000000070c200000, 0x000000070c300000|  0%| F|  |TAMS 0x000000070c200000, 0x000000070c200000| Untracked 
| 145|0x000000070c300000, 0x000000070c300000, 0x000000070c400000|  0%| F|  |TAMS 0x000000070c300000, 0x000000070c300000| Untracked 
| 146|0x000000070c400000, 0x000000070c400000, 0x000000070c500000|  0%| F|  |TAMS 0x000000070c400000, 0x000000070c400000| Untracked 
| 147|0x000000070c500000, 0x000000070c500000, 0x000000070c600000|  0%| F|  |TAMS 0x000000070c500000, 0x000000070c500000| Untracked 
| 148|0x000000070c600000, 0x000000070c600000, 0x000000070c700000|  0%| F|  |TAMS 0x000000070c600000, 0x000000070c600000| Untracked 
| 149|0x000000070c700000, 0x000000070c700000, 0x000000070c800000|  0%| F|  |TAMS 0x000000070c700000, 0x000000070c700000| Untracked 
| 150|0x000000070c800000, 0x000000070c800000, 0x000000070c900000|  0%| F|  |TAMS 0x000000070c800000, 0x000000070c800000| Untracked 
| 151|0x000000070c900000, 0x000000070c900000, 0x000000070ca00000|  0%| F|  |TAMS 0x000000070c900000, 0x000000070c900000| Untracked 
| 152|0x000000070ca00000, 0x000000070ca00000, 0x000000070cb00000|  0%| F|  |TAMS 0x000000070ca00000, 0x000000070ca00000| Untracked 
| 153|0x000000070cb00000, 0x000000070cb00000, 0x000000070cc00000|  0%| F|  |TAMS 0x000000070cb00000, 0x000000070cb00000| Untracked 
| 154|0x000000070cc00000, 0x000000070cc00000, 0x000000070cd00000|  0%| F|  |TAMS 0x000000070cc00000, 0x000000070cc00000| Untracked 
| 155|0x000000070cd00000, 0x000000070cd00000, 0x000000070ce00000|  0%| F|  |TAMS 0x000000070cd00000, 0x000000070cd00000| Untracked 
| 156|0x000000070ce00000, 0x000000070ce00000, 0x000000070cf00000|  0%| F|  |TAMS 0x000000070ce00000, 0x000000070ce00000| Untracked 
| 157|0x000000070cf00000, 0x000000070cf00000, 0x000000070d000000|  0%| F|  |TAMS 0x000000070cf00000, 0x000000070cf00000| Untracked 
| 158|0x000000070d000000, 0x000000070d000000, 0x000000070d100000|  0%| F|  |TAMS 0x000000070d000000, 0x000000070d000000| Untracked 
| 159|0x000000070d100000, 0x000000070d100000, 0x000000070d200000|  0%| F|  |TAMS 0x000000070d100000, 0x000000070d100000| Untracked 
| 160|0x000000070d200000, 0x000000070d200000, 0x000000070d300000|  0%| F|  |TAMS 0x000000070d200000, 0x000000070d200000| Untracked 
| 161|0x000000070d300000, 0x000000070d300000, 0x000000070d400000|  0%| F|  |TAMS 0x000000070d300000, 0x000000070d300000| Untracked 
| 162|0x000000070d400000, 0x000000070d400000, 0x000000070d500000|  0%| F|  |TAMS 0x000000070d400000, 0x000000070d400000| Untracked 
| 163|0x000000070d500000, 0x000000070d500000, 0x000000070d600000|  0%| F|  |TAMS 0x000000070d500000, 0x000000070d500000| Untracked 
| 164|0x000000070d600000, 0x000000070d600000, 0x000000070d700000|  0%| F|  |TAMS 0x000000070d600000, 0x000000070d600000| Untracked 
| 165|0x000000070d700000, 0x000000070d700000, 0x000000070d800000|  0%| F|  |TAMS 0x000000070d700000, 0x000000070d700000| Untracked 
| 166|0x000000070d800000, 0x000000070d800000, 0x000000070d900000|  0%| F|  |TAMS 0x000000070d800000, 0x000000070d800000| Untracked 
| 167|0x000000070d900000, 0x000000070d900000, 0x000000070da00000|  0%| F|  |TAMS 0x000000070d900000, 0x000000070d900000| Untracked 
| 168|0x000000070da00000, 0x000000070da00000, 0x000000070db00000|  0%| F|  |TAMS 0x000000070da00000, 0x000000070da00000| Untracked 
| 169|0x000000070db00000, 0x000000070db00000, 0x000000070dc00000|  0%| F|  |TAMS 0x000000070db00000, 0x000000070db00000| Untracked 
| 170|0x000000070dc00000, 0x000000070dc00000, 0x000000070dd00000|  0%| F|  |TAMS 0x000000070dc00000, 0x000000070dc00000| Untracked 
| 171|0x000000070dd00000, 0x000000070dd00000, 0x000000070de00000|  0%| F|  |TAMS 0x000000070dd00000, 0x000000070dd00000| Untracked 
| 172|0x000000070de00000, 0x000000070de00000, 0x000000070df00000|  0%| F|  |TAMS 0x000000070de00000, 0x000000070de00000| Untracked 
| 173|0x000000070df00000, 0x000000070df00000, 0x000000070e000000|  0%| F|  |TAMS 0x000000070df00000, 0x000000070df00000| Untracked 
| 174|0x000000070e000000, 0x000000070e000000, 0x000000070e100000|  0%| F|  |TAMS 0x000000070e000000, 0x000000070e000000| Untracked 
| 175|0x000000070e100000, 0x000000070e100000, 0x000000070e200000|  0%| F|  |TAMS 0x000000070e100000, 0x000000070e100000| Untracked 
| 176|0x000000070e200000, 0x000000070e200000, 0x000000070e300000|  0%| F|  |TAMS 0x000000070e200000, 0x000000070e200000| Untracked 
| 177|0x000000070e300000, 0x000000070e300000, 0x000000070e400000|  0%| F|  |TAMS 0x000000070e300000, 0x000000070e300000| Untracked 
| 178|0x000000070e400000, 0x000000070e400000, 0x000000070e500000|  0%| F|  |TAMS 0x000000070e400000, 0x000000070e400000| Untracked 
| 179|0x000000070e500000, 0x000000070e500000, 0x000000070e600000|  0%| F|  |TAMS 0x000000070e500000, 0x000000070e500000| Untracked 
| 180|0x000000070e600000, 0x000000070e600000, 0x000000070e700000|  0%| F|  |TAMS 0x000000070e600000, 0x000000070e600000| Untracked 
| 181|0x000000070e700000, 0x000000070e700000, 0x000000070e800000|  0%| F|  |TAMS 0x000000070e700000, 0x000000070e700000| Untracked 
| 182|0x000000070e800000, 0x000000070e800000, 0x000000070e900000|  0%| F|  |TAMS 0x000000070e800000, 0x000000070e800000| Untracked 
| 183|0x000000070e900000, 0x000000070e900000, 0x000000070ea00000|  0%| F|  |TAMS 0x000000070e900000, 0x000000070e900000| Untracked 
| 184|0x000000070ea00000, 0x000000070ea00000, 0x000000070eb00000|  0%| F|  |TAMS 0x000000070ea00000, 0x000000070ea00000| Untracked 
| 185|0x000000070eb00000, 0x000000070eb00000, 0x000000070ec00000|  0%| F|  |TAMS 0x000000070eb00000, 0x000000070eb00000| Untracked 
| 186|0x000000070ec00000, 0x000000070ec00000, 0x000000070ed00000|  0%| F|  |TAMS 0x000000070ec00000, 0x000000070ec00000| Untracked 
| 187|0x000000070ed00000, 0x000000070ed00000, 0x000000070ee00000|  0%| F|  |TAMS 0x000000070ed00000, 0x000000070ed00000| Untracked 
| 188|0x000000070ee00000, 0x000000070ee00000, 0x000000070ef00000|  0%| F|  |TAMS 0x000000070ee00000, 0x000000070ee00000| Untracked 
| 189|0x000000070ef00000, 0x000000070ef00000, 0x000000070f000000|  0%| F|  |TAMS 0x000000070ef00000, 0x000000070ef00000| Untracked 
| 190|0x000000070f000000, 0x000000070f000000, 0x000000070f100000|  0%| F|  |TAMS 0x000000070f000000, 0x000000070f000000| Untracked 
| 191|0x000000070f100000, 0x000000070f100000, 0x000000070f200000|  0%| F|  |TAMS 0x000000070f100000, 0x000000070f100000| Untracked 
| 192|0x000000070f200000, 0x000000070f200000, 0x000000070f300000|  0%| F|  |TAMS 0x000000070f200000, 0x000000070f200000| Untracked 
| 193|0x000000070f300000, 0x000000070f300000, 0x000000070f400000|  0%| F|  |TAMS 0x000000070f300000, 0x000000070f300000| Untracked 
| 194|0x000000070f400000, 0x000000070f400000, 0x000000070f500000|  0%| F|  |TAMS 0x000000070f400000, 0x000000070f400000| Untracked 
| 195|0x000000070f500000, 0x000000070f500000, 0x000000070f600000|  0%| F|  |TAMS 0x000000070f500000, 0x000000070f500000| Untracked 
| 196|0x000000070f600000, 0x000000070f600000, 0x000000070f700000|  0%| F|  |TAMS 0x000000070f600000, 0x000000070f600000| Untracked 
| 197|0x000000070f700000, 0x000000070f700000, 0x000000070f800000|  0%| F|  |TAMS 0x000000070f700000, 0x000000070f700000| Untracked 
| 198|0x000000070f800000, 0x000000070f841330, 0x000000070f900000| 25%| S|CS|TAMS 0x000000070f800000, 0x000000070f800000| Complete 
| 199|0x000000070f900000, 0x000000070fa00000, 0x000000070fa00000|100%| S|CS|TAMS 0x000000070f900000, 0x000000070f900000| Complete 
| 200|0x000000070fa00000, 0x000000070fb00000, 0x000000070fb00000|100%| S|CS|TAMS 0x000000070fa00000, 0x000000070fa00000| Complete 
| 201|0x000000070fb00000, 0x000000070fc00000, 0x000000070fc00000|100%| S|CS|TAMS 0x000000070fb00000, 0x000000070fb00000| Complete 
| 202|0x000000070fc00000, 0x000000070fd00000, 0x000000070fd00000|100%| S|CS|TAMS 0x000000070fc00000, 0x000000070fc00000| Complete 
| 203|0x000000070fd00000, 0x000000070fe00000, 0x000000070fe00000|100%| S|CS|TAMS 0x000000070fd00000, 0x000000070fd00000| Complete 
| 204|0x000000070fe00000, 0x000000070ff00000, 0x000000070ff00000|100%| S|CS|TAMS 0x000000070fe00000, 0x000000070fe00000| Complete 
| 205|0x000000070ff00000, 0x0000000710000000, 0x0000000710000000|100%| S|CS|TAMS 0x000000070ff00000, 0x000000070ff00000| Complete 
| 206|0x0000000710000000, 0x0000000710100000, 0x0000000710100000|100%| S|CS|TAMS 0x0000000710000000, 0x0000000710000000| Complete 
| 207|0x0000000710100000, 0x0000000710200000, 0x0000000710200000|100%| S|CS|TAMS 0x0000000710100000, 0x0000000710100000| Complete 
| 208|0x0000000710200000, 0x0000000710300000, 0x0000000710300000|100%| S|CS|TAMS 0x0000000710200000, 0x0000000710200000| Complete 
| 209|0x0000000710300000, 0x0000000710400000, 0x0000000710400000|100%| S|CS|TAMS 0x0000000710300000, 0x0000000710300000| Complete 
| 210|0x0000000710400000, 0x0000000710500000, 0x0000000710500000|100%| S|CS|TAMS 0x0000000710400000, 0x0000000710400000| Complete 
| 211|0x0000000710500000, 0x0000000710500000, 0x0000000710600000|  0%| F|  |TAMS 0x0000000710500000, 0x0000000710500000| Untracked 
| 212|0x0000000710600000, 0x0000000710600000, 0x0000000710700000|  0%| F|  |TAMS 0x0000000710600000, 0x0000000710600000| Untracked 
| 213|0x0000000710700000, 0x0000000710700000, 0x0000000710800000|  0%| F|  |TAMS 0x0000000710700000, 0x0000000710700000| Untracked 
| 214|0x0000000710800000, 0x0000000710800000, 0x0000000710900000|  0%| F|  |TAMS 0x0000000710800000, 0x0000000710800000| Untracked 
| 215|0x0000000710900000, 0x0000000710900000, 0x0000000710a00000|  0%| F|  |TAMS 0x0000000710900000, 0x0000000710900000| Untracked 
| 216|0x0000000710a00000, 0x0000000710a00000, 0x0000000710b00000|  0%| F|  |TAMS 0x0000000710a00000, 0x0000000710a00000| Untracked 
| 217|0x0000000710b00000, 0x0000000710b00000, 0x0000000710c00000|  0%| F|  |TAMS 0x0000000710b00000, 0x0000000710b00000| Untracked 
| 218|0x0000000710c00000, 0x0000000710c00000, 0x0000000710d00000|  0%| F|  |TAMS 0x0000000710c00000, 0x0000000710c00000| Untracked 
| 219|0x0000000710d00000, 0x0000000710d00000, 0x0000000710e00000|  0%| F|  |TAMS 0x0000000710d00000, 0x0000000710d00000| Untracked 
| 220|0x0000000710e00000, 0x0000000710e00000, 0x0000000710f00000|  0%| F|  |TAMS 0x0000000710e00000, 0x0000000710e00000| Untracked 
| 221|0x0000000710f00000, 0x0000000710f00000, 0x0000000711000000|  0%| F|  |TAMS 0x0000000710f00000, 0x0000000710f00000| Untracked 
| 222|0x0000000711000000, 0x0000000711000000, 0x0000000711100000|  0%| F|  |TAMS 0x0000000711000000, 0x0000000711000000| Untracked 
| 223|0x0000000711100000, 0x0000000711100000, 0x0000000711200000|  0%| F|  |TAMS 0x0000000711100000, 0x0000000711100000| Untracked 
| 224|0x0000000711200000, 0x0000000711200000, 0x0000000711300000|  0%| F|  |TAMS 0x0000000711200000, 0x0000000711200000| Untracked 
| 225|0x0000000711300000, 0x0000000711300000, 0x0000000711400000|  0%| F|  |TAMS 0x0000000711300000, 0x0000000711300000| Untracked 
| 226|0x0000000711400000, 0x0000000711400000, 0x0000000711500000|  0%| F|  |TAMS 0x0000000711400000, 0x0000000711400000| Untracked 
| 227|0x0000000711500000, 0x0000000711500000, 0x0000000711600000|  0%| F|  |TAMS 0x0000000711500000, 0x0000000711500000| Untracked 
| 228|0x0000000711600000, 0x0000000711600000, 0x0000000711700000|  0%| F|  |TAMS 0x0000000711600000, 0x0000000711600000| Untracked 
| 229|0x0000000711700000, 0x0000000711700000, 0x0000000711800000|  0%| F|  |TAMS 0x0000000711700000, 0x0000000711700000| Untracked 
| 230|0x0000000711800000, 0x0000000711800000, 0x0000000711900000|  0%| F|  |TAMS 0x0000000711800000, 0x0000000711800000| Untracked 
| 231|0x0000000711900000, 0x0000000711900000, 0x0000000711a00000|  0%| F|  |TAMS 0x0000000711900000, 0x0000000711900000| Untracked 
| 232|0x0000000711a00000, 0x0000000711a00000, 0x0000000711b00000|  0%| F|  |TAMS 0x0000000711a00000, 0x0000000711a00000| Untracked 
| 233|0x0000000711b00000, 0x0000000711b00000, 0x0000000711c00000|  0%| F|  |TAMS 0x0000000711b00000, 0x0000000711b00000| Untracked 
| 234|0x0000000711c00000, 0x0000000711c00000, 0x0000000711d00000|  0%| F|  |TAMS 0x0000000711c00000, 0x0000000711c00000| Untracked 
| 235|0x0000000711d00000, 0x0000000711d00000, 0x0000000711e00000|  0%| F|  |TAMS 0x0000000711d00000, 0x0000000711d00000| Untracked 
| 236|0x0000000711e00000, 0x0000000711e00000, 0x0000000711f00000|  0%| F|  |TAMS 0x0000000711e00000, 0x0000000711e00000| Untracked 
| 237|0x0000000711f00000, 0x0000000711f00000, 0x0000000712000000|  0%| F|  |TAMS 0x0000000711f00000, 0x0000000711f00000| Untracked 
| 238|0x0000000712000000, 0x0000000712000000, 0x0000000712100000|  0%| F|  |TAMS 0x0000000712000000, 0x0000000712000000| Untracked 
| 239|0x0000000712100000, 0x0000000712100000, 0x0000000712200000|  0%| F|  |TAMS 0x0000000712100000, 0x0000000712100000| Untracked 
| 240|0x0000000712200000, 0x0000000712200000, 0x0000000712300000|  0%| F|  |TAMS 0x0000000712200000, 0x0000000712200000| Untracked 
| 241|0x0000000712300000, 0x0000000712300000, 0x0000000712400000|  0%| F|  |TAMS 0x0000000712300000, 0x0000000712300000| Untracked 
| 242|0x0000000712400000, 0x0000000712400000, 0x0000000712500000|  0%| F|  |TAMS 0x0000000712400000, 0x0000000712400000| Untracked 
| 243|0x0000000712500000, 0x0000000712500000, 0x0000000712600000|  0%| F|  |TAMS 0x0000000712500000, 0x0000000712500000| Untracked 
| 244|0x0000000712600000, 0x0000000712600000, 0x0000000712700000|  0%| F|  |TAMS 0x0000000712600000, 0x0000000712600000| Untracked 
| 245|0x0000000712700000, 0x0000000712700000, 0x0000000712800000|  0%| F|  |TAMS 0x0000000712700000, 0x0000000712700000| Untracked 
| 246|0x0000000712800000, 0x0000000712800000, 0x0000000712900000|  0%| F|  |TAMS 0x0000000712800000, 0x0000000712800000| Untracked 
| 247|0x0000000712900000, 0x0000000712900000, 0x0000000712a00000|  0%| F|  |TAMS 0x0000000712900000, 0x0000000712900000| Untracked 
| 248|0x0000000712a00000, 0x0000000712a00000, 0x0000000712b00000|  0%| F|  |TAMS 0x0000000712a00000, 0x0000000712a00000| Untracked 
| 249|0x0000000712b00000, 0x0000000712b00000, 0x0000000712c00000|  0%| F|  |TAMS 0x0000000712b00000, 0x0000000712b00000| Untracked 
| 250|0x0000000712c00000, 0x0000000712c00000, 0x0000000712d00000|  0%| F|  |TAMS 0x0000000712c00000, 0x0000000712c00000| Untracked 
| 251|0x0000000712d00000, 0x0000000712d00000, 0x0000000712e00000|  0%| F|  |TAMS 0x0000000712d00000, 0x0000000712d00000| Untracked 
| 252|0x0000000712e00000, 0x0000000712e00000, 0x0000000712f00000|  0%| F|  |TAMS 0x0000000712e00000, 0x0000000712e00000| Untracked 
| 253|0x0000000712f00000, 0x0000000712f00000, 0x0000000713000000|  0%| F|  |TAMS 0x0000000712f00000, 0x0000000712f00000| Untracked 

Card table byte_map: [0x000001b3dd7c0000,0x000001b3ddfb0000] _byte_map_base: 0x000001b3d9fa7000

Marking Bits (Prev, Next): (CMBitMap*) 0x000001b3c3967918, (CMBitMap*) 0x000001b3c3967950
 Prev Bits: [0x000001b3de7a0000, 0x000001b3e26d8000)
 Next Bits: [0x000001b3e26e0000, 0x000001b3e6618000)

Polling page: 0x000001b3c39d0000

Metaspace:

Usage:
  Non-class:     50.91 MB capacity,    50.05 MB ( 98%) used,   693.59 KB (  1%) free+waste,   187.50 KB ( <1%) overhead. 
      Class:      7.80 MB capacity,     7.23 MB ( 93%) used,   493.98 KB (  6%) free+waste,    87.00 KB (  1%) overhead. 
       Both:     58.71 MB capacity,    57.29 MB ( 98%) used,     1.16 MB (  2%) free+waste,   274.50 KB ( <1%) overhead. 

Virtual space:
  Non-class space:       52.00 MB reserved,      50.92 MB ( 98%) committed 
      Class space:        1.00 GB reserved,       7.88 MB ( <1%) committed 
             Both:        1.05 GB reserved,      58.80 MB (  5%) committed 

Chunk freelists:
   Non-Class:  1.25 KB
       Class:  1.50 KB
        Both:  2.75 KB

CodeHeap 'non-profiled nmethods': size=120000Kb used=3404Kb max_used=3404Kb free=116595Kb
 bounds [0x000001b3d5020000, 0x000001b3d5380000, 0x000001b3dc550000]
CodeHeap 'profiled nmethods': size=120000Kb used=10379Kb max_used=10379Kb free=109620Kb
 bounds [0x000001b3cdaf0000, 0x000001b3ce520000, 0x000001b3d5020000]
CodeHeap 'non-nmethods': size=5760Kb used=1297Kb max_used=1336Kb free=4462Kb
 bounds [0x000001b3cd550000, 0x000001b3cd7c0000, 0x000001b3cdaf0000]
 total_blobs=4894 nmethods=4360 adapters=451
 compilation: enabled
              stopped_count=0, restarted_count=0
 full_count=0

Compilation events (10 events):
Event: 8.419 Thread 0x000001b3e9ad4800 4371       3       org.springframework.data.util.Lazy::<init> (20 bytes)
Event: 8.419 Thread 0x000001b3e9ad4800 nmethod 4371 0x000001b3ce50b310 code [0x000001b3ce50b4c0, 0x000001b3ce50b6f8]
Event: 8.419 Thread 0x000001b3e9ad4800 4372       3       java.util.AbstractList::listIterator (6 bytes)
Event: 8.419 Thread 0x000001b3e9ad4800 nmethod 4372 0x000001b3ce50b810 code [0x000001b3ce50b9c0, 0x000001b3ce50bb88]
Event: 8.419 Thread 0x000001b3e9ad4800 4373       3       org.springframework.data.util.Lazy::<init> (8 bytes)
Event: 8.420 Thread 0x000001b3e9ad4800 nmethod 4373 0x000001b3ce50bc10 code [0x000001b3ce50bdc0, 0x000001b3ce50c018]
Event: 8.421 Thread 0x000001b3e9ad4800 4374       3       java.util.regex.Pattern::append (39 bytes)
Event: 8.421 Thread 0x000001b3e9ad4800 nmethod 4374 0x000001b3ce50c110 code [0x000001b3ce50c2c0, 0x000001b3ce50c608]
Event: 8.423 Thread 0x000001b3e9ad4800 4375       3       java.util.regex.Pattern::closure (365 bytes)
Event: 8.427 Thread 0x000001b3e9ad4800 nmethod 4375 0x000001b3ce50c790 code [0x000001b3ce50cd00, 0x000001b3ce50fee8]

GC Heap History (10 events):
Event: 1.741 GC heap before
{Heap before GC invocations=1 (full 0):
 garbage-first heap   total 260096K, used 62980K [0x0000000703200000, 0x0000000800000000)
  region size 1024K, 59 young (60416K), 3 survivors (3072K)
 Metaspace       used 20729K, capacity 21210K, committed 21296K, reserved 1069056K
  class space    used 2200K, capacity 2400K, committed 2432K, reserved 1048576K
}
Event: 1.749 GC heap after
{Heap after GC invocations=2 (full 0):
 garbage-first heap   total 260096K, used 8845K [0x0000000703200000, 0x0000000800000000)
  region size 1024K, 6 young (6144K), 6 survivors (6144K)
 Metaspace       used 20729K, capacity 21210K, committed 21296K, reserved 1069056K
  class space    used 2200K, capacity 2400K, committed 2432K, reserved 1048576K
}
Event: 2.113 GC heap before
{Heap before GC invocations=3 (full 0):
 garbage-first heap   total 260096K, used 64141K [0x0000000703200000, 0x0000000800000000)
  region size 1024K, 61 young (62464K), 6 survivors (6144K)
 Metaspace       used 24512K, capacity 25127K, committed 25264K, reserved 1071104K
  class space    used 2722K, capacity 2962K, committed 3072K, reserved 1048576K
}
Event: 2.122 GC heap after
{Heap after GC invocations=4 (full 0):
 garbage-first heap   total 260096K, used 9977K [0x0000000703200000, 0x0000000800000000)
  region size 1024K, 4 young (4096K), 4 survivors (4096K)
 Metaspace       used 24512K, capacity 25127K, committed 25264K, reserved 1071104K
  class space    used 2722K, capacity 2962K, committed 3072K, reserved 1048576K
}
Event: 3.406 GC heap before
{Heap before GC invocations=4 (full 0):
 garbage-first heap   total 260096K, used 88825K [0x0000000703200000, 0x0000000800000000)
  region size 1024K, 82 young (83968K), 4 survivors (4096K)
 Metaspace       used 30327K, capacity 31107K, committed 31280K, reserved 1077248K
  class space    used 3419K, capacity 3708K, committed 3712K, reserved 1048576K
}
Event: 3.412 GC heap after
{Heap after GC invocations=5 (full 0):
 garbage-first heap   total 260096K, used 12223K [0x0000000703200000, 0x0000000800000000)
  region size 1024K, 6 young (6144K), 6 survivors (6144K)
 Metaspace       used 30327K, capacity 31107K, committed 31280K, reserved 1077248K
  class space    used 3419K, capacity 3708K, committed 3712K, reserved 1048576K
}
Event: 4.816 GC heap before
{Heap before GC invocations=5 (full 0):
 garbage-first heap   total 260096K, used 46015K [0x0000000703200000, 0x0000000800000000)
  region size 1024K, 40 young (40960K), 6 survivors (6144K)
 Metaspace       used 34802K, capacity 35750K, committed 35888K, reserved 1081344K
  class space    used 4023K, capacity 4395K, committed 4480K, reserved 1048576K
}
Event: 4.825 GC heap after
{Heap after GC invocations=6 (full 0):
 garbage-first heap   total 260096K, used 14698K [0x0000000703200000, 0x0000000800000000)
  region size 1024K, 8 young (8192K), 8 survivors (8192K)
 Metaspace       used 34802K, capacity 35750K, committed 35888K, reserved 1081344K
  class space    used 4023K, capacity 4395K, committed 4480K, reserved 1048576K
}
Event: 7.436 GC heap before
{Heap before GC invocations=7 (full 0):
 garbage-first heap   total 260096K, used 161130K [0x0000000703200000, 0x0000000800000000)
  region size 1024K, 152 young (155648K), 8 survivors (8192K)
 Metaspace       used 53026K, capacity 54255K, committed 54448K, reserved 1097728K
  class space    used 6635K, capacity 7121K, committed 7168K, reserved 1048576K
}
Event: 7.453 GC heap after
{Heap after GC invocations=8 (full 0):
 garbage-first heap   total 260096K, used 18874K [0x0000000703200000, 0x0000000800000000)
  region size 1024K, 12 young (12288K), 12 survivors (12288K)
 Metaspace       used 53026K, capacity 54255K, committed 54448K, reserved 1097728K
  class space    used 6635K, capacity 7121K, committed 7168K, reserved 1048576K
}

Deoptimization events (10 events):
Event: 7.854 Thread 0x000001b3c3905800 Uncommon trap: reason=unstable_if action=reinterpret pc=0x000001b3d52340b8 method=java.lang.PublicMethods$MethodList.filter([Ljava/lang/reflect/Method;Ljava/lang/String;[Ljava/lang/Class;Z)Ljava/lang/PublicMethods$MethodList; @ 43 c2
Event: 7.860 Thread 0x000001b3c3905800 Uncommon trap: reason=unstable_if action=reinterpret pc=0x000001b3d52756a4 method=java.util.ArrayDeque.addLast(Ljava/lang/Object;)V @ 42 c2
Event: 7.891 Thread 0x000001b3c3905800 Uncommon trap: reason=unstable_if action=reinterpret pc=0x000001b3d51ed414 method=java.util.concurrent.ConcurrentHashMap.putVal(Ljava/lang/Object;Ljava/lang/Object;Z)Ljava/lang/Object; @ 401 c2
Event: 8.099 Thread 0x000001b3c3905800 Uncommon trap: reason=speculate_null_assert action=make_not_entrant pc=0x000001b3d5179ca4 method=org.springframework.util.ConcurrentReferenceHashMap$Segment.restructureIfNecessary(Z)V @ 41 c2
Event: 8.109 Thread 0x000001b3c3905800 Uncommon trap: reason=profile_predicate action=maybe_recompile pc=0x000001b3d53597ec method=java.lang.PublicMethods$MethodList.filter([Ljava/lang/reflect/Method;Ljava/lang/String;[Ljava/lang/Class;Z)Ljava/lang/PublicMethods$MethodList; @ 21 c2
Event: 8.184 Thread 0x000001b3c3905800 Uncommon trap: reason=profile_predicate action=maybe_recompile pc=0x000001b3d53597ec method=java.lang.PublicMethods$MethodList.filter([Ljava/lang/reflect/Method;Ljava/lang/String;[Ljava/lang/Class;Z)Ljava/lang/PublicMethods$MethodList; @ 21 c2
Event: 8.184 Thread 0x000001b3c3905800 Uncommon trap: reason=profile_predicate action=maybe_recompile pc=0x000001b3d53597ec method=java.lang.PublicMethods$MethodList.filter([Ljava/lang/reflect/Method;Ljava/lang/String;[Ljava/lang/Class;Z)Ljava/lang/PublicMethods$MethodList; @ 21 c2
Event: 8.184 Thread 0x000001b3c3905800 Uncommon trap: reason=profile_predicate action=maybe_recompile pc=0x000001b3d53597ec method=java.lang.PublicMethods$MethodList.filter([Ljava/lang/reflect/Method;Ljava/lang/String;[Ljava/lang/Class;Z)Ljava/lang/PublicMethods$MethodList; @ 21 c2
Event: 8.260 Thread 0x000001b3c3905800 Uncommon trap: reason=profile_predicate action=maybe_recompile pc=0x000001b3d536835c method=java.lang.PublicMethods$MethodList.filter([Ljava/lang/reflect/Method;Ljava/lang/String;[Ljava/lang/Class;Z)Ljava/lang/PublicMethods$MethodList; @ 17 c2
Event: 8.279 Thread 0x000001b3c3905800 Uncommon trap: reason=profile_predicate action=maybe_recompile pc=0x000001b3d536835c method=java.lang.PublicMethods$MethodList.filter([Ljava/lang/reflect/Method;Ljava/lang/String;[Ljava/lang/Class;Z)Ljava/lang/PublicMethods$MethodList; @ 17 c2

Classes redefined (0 events):
No events

Internal exceptions (10 events):
Event: 7.834 Thread 0x000001b3c3905800 Exception <a 'java/lang/ClassNotFoundException'{0x00000007121fbb98}: org/springframework/core/io/support/PropertiesLoaderSupportCustomizer> (0x00000007121fbb98) thrown at [./open/src/hotspot/share/classfile/systemDictionary.cpp, line 228]
Event: 7.836 Thread 0x000001b3c3905800 Exception <a 'java/lang/ClassNotFoundException'{0x00000007120198d8}: org/springframework/beans/factory/config/PropertiesFactoryBeanCustomizer> (0x00000007120198d8) thrown at [./open/src/hotspot/share/classfile/systemDictionary.cpp, line 228]
Event: 7.837 Thread 0x000001b3c3905800 Exception <a 'java/lang/ClassNotFoundException'{0x000000071203c868}: org/springframework/beans/factory/FactoryBeanCustomizer> (0x000000071203c868) thrown at [./open/src/hotspot/share/classfile/systemDictionary.cpp, line 228]
Event: 7.838 Thread 0x000001b3c3905800 Exception <a 'java/lang/ClassNotFoundException'{0x0000000712052638}: org/springframework/beans/factory/InitializingBeanCustomizer> (0x0000000712052638) thrown at [./open/src/hotspot/share/classfile/systemDictionary.cpp, line 228]
Event: 7.950 Thread 0x000001b3c3905800 Exception <a 'java/lang/IncompatibleClassChangeError'{0x0000000711a76bc0}: Found class java.lang.Object, but interface was expected> (0x0000000711a76bc0) thrown at [./open/src/hotspot/share/interpreter/linkResolver.cpp, line 838]
Event: 8.122 Thread 0x000001b3c3905800 Exception <a 'java/lang/ClassNotFoundException'{0x00000007114d1810}: java/lang/ObjectCustomizer> (0x00000007114d1810) thrown at [./open/src/hotspot/share/classfile/systemDictionary.cpp, line 228]
Event: 8.123 Thread 0x000001b3c3905800 Exception <a 'java/lang/ClassNotFoundException'{0x00000007114e2750}: mfa/multiFactorAuth/domain/AccountCustomizer> (0x00000007114e2750) thrown at [./open/src/hotspot/share/classfile/systemDictionary.cpp, line 228]
Event: 8.153 Thread 0x000001b3c3905800 Exception <a 'java/lang/NoSuchMethodError'{0x000000071123db60}: java.lang.invoke.DirectMethodHandle$Holder.invokeVirtual(Ljava/lang/Object;Ljava/lang/Object;Ljava/lang/Object;)I> (0x000000071123db60) thrown at [./open/src/hotspot/share/interpreter/linkRes
Event: 8.209 Thread 0x000001b3c3905800 Exception <a 'java/lang/IncompatibleClassChangeError'{0x0000000710f12a38}: Found class java.lang.Object, but interface was expected> (0x0000000710f12a38) thrown at [./open/src/hotspot/share/interpreter/linkResolver.cpp, line 838]
Event: 8.414 Thread 0x000001b3c3905800 Exception <a 'java/lang/reflect/InvocationTargetException'{0x0000000710731e70}> (0x0000000710731e70) thrown at [./open/src/hotspot/share/runtime/reflection.cpp, line 1242]

Events (10 events):
Event: 8.420 loading class org/springframework/data/repository/query/parser/PartTree
Event: 8.420 loading class org/springframework/data/repository/query/parser/PartTree done
Event: 8.422 loading class org/springframework/data/repository/query/parser/PartTree$Subject
Event: 8.422 loading class org/springframework/data/repository/query/parser/PartTree$Subject done
Event: 8.425 loading class org/springframework/data/repository/query/parser/PartTree$Predicate
Event: 8.425 loading class org/springframework/data/repository/query/parser/PartTree$Predicate done
Event: 8.427 loading class java/lang/Character$UnicodeBlock
Event: 8.428 loading class java/lang/Character$Subset
Event: 8.429 loading class java/lang/Character$Subset done
Event: 8.429 loading class java/lang/Character$UnicodeBlock done


Dynamic libraries:
0x00007ff76c790000 - 0x00007ff76c79f000 	C:\Program Files\Java\jdk-11.0.10\bin\java.exe
0x00007ffc61cd0000 - 0x00007ffc61ee4000 	C:\WINDOWS\SYSTEM32\ntdll.dll
0x00007ffc608a0000 - 0x00007ffc60963000 	C:\WINDOWS\System32\KERNEL32.DLL
0x00007ffc5f590000 - 0x00007ffc5f92c000 	C:\WINDOWS\System32\KERNELBASE.dll
0x00007ffc5f110000 - 0x00007ffc5f221000 	C:\WINDOWS\System32\ucrtbase.dll
0x00007ffc4d110000 - 0x00007ffc4d125000 	C:\Program Files\Java\jdk-11.0.10\bin\VCRUNTIME140.dll
0x00007ffc4b450000 - 0x00007ffc4b468000 	C:\Program Files\Java\jdk-11.0.10\bin\jli.dll
0x00007ffc60100000 - 0x00007ffc601ae000 	C:\WINDOWS\System32\ADVAPI32.dll
0x00007ffc60350000 - 0x00007ffc603f7000 	C:\WINDOWS\System32\msvcrt.dll
0x00007ffc60970000 - 0x00007ffc60a14000 	C:\WINDOWS\System32\sechost.dll
0x00007ffc60a20000 - 0x00007ffc60b35000 	C:\WINDOWS\System32\RPCRT4.dll
0x00007ffc60ca0000 - 0x00007ffc60e4d000 	C:\WINDOWS\System32\USER32.dll
0x00007ffc5f4c0000 - 0x00007ffc5f4e6000 	C:\WINDOWS\System32\win32u.dll
0x00007ffc60510000 - 0x00007ffc60539000 	C:\WINDOWS\System32\GDI32.dll
0x00007ffc5f3a0000 - 0x00007ffc5f4b2000 	C:\WINDOWS\System32\gdi32full.dll
0x00007ffc49ef0000 - 0x00007ffc4a17e000 	C:\WINDOWS\WinSxS\amd64_microsoft.windows.common-controls_6595b64144ccf1df_6.0.22621.608_none_a9444ca7c10bb01d\COMCTL32.dll
0x00007ffc5f4f0000 - 0x00007ffc5f58a000 	C:\WINDOWS\System32\msvcp_win.dll
0x00007ffc56fe0000 - 0x00007ffc56fea000 	C:\WINDOWS\SYSTEM32\VERSION.dll
0x00007ffc612e0000 - 0x00007ffc61312000 	C:\WINDOWS\System32\IMM32.DLL
0x00007ffc25dc0000 - 0x00007ffc25e5b000 	C:\Program Files\Java\jdk-11.0.10\bin\msvcp140.dll
0x00007ffbad940000 - 0x00007ffbae43b000 	C:\Program Files\Java\jdk-11.0.10\bin\server\jvm.dll
0x00007ffc605d0000 - 0x00007ffc605d8000 	C:\WINDOWS\System32\PSAPI.DLL
0x00007ffc574e0000 - 0x00007ffc57514000 	C:\WINDOWS\SYSTEM32\WINMM.dll
0x00007ffc49960000 - 0x00007ffc49969000 	C:\WINDOWS\SYSTEM32\WSOCK32.dll
0x00007ffc60bb0000 - 0x00007ffc60c21000 	C:\WINDOWS\System32\WS2_32.dll
0x00007ffc5e160000 - 0x00007ffc5e178000 	C:\WINDOWS\SYSTEM32\kernel.appcore.dll
0x00007ffc5a680000 - 0x00007ffc5a690000 	C:\Program Files\Java\jdk-11.0.10\bin\verify.dll
0x00007ffc5c8c0000 - 0x00007ffc5caee000 	C:\WINDOWS\SYSTEM32\DBGHELP.DLL
0x00007ffc5fd60000 - 0x00007ffc600ea000 	C:\WINDOWS\System32\combase.dll
0x00007ffc5fc80000 - 0x00007ffc5fd57000 	C:\WINDOWS\System32\OLEAUT32.dll
0x00007ffc5b130000 - 0x00007ffc5b162000 	C:\WINDOWS\SYSTEM32\dbgcore.DLL
0x00007ffc5f930000 - 0x00007ffc5f9ab000 	C:\WINDOWS\System32\bcryptPrimitives.dll
0x00007ffc45420000 - 0x00007ffc45448000 	C:\Program Files\Java\jdk-11.0.10\bin\java.dll
0x00007ffc59530000 - 0x00007ffc5953a000 	C:\Program Files\Java\jdk-11.0.10\bin\jimage.dll
0x00007ffc570d0000 - 0x00007ffc57108000 	C:\Program Files\Java\jdk-11.0.10\bin\jdwp.dll
0x00007ffc5a670000 - 0x00007ffc5a67e000 	C:\Program Files\Java\jdk-11.0.10\bin\instrument.dll
0x00007ffc4b430000 - 0x00007ffc4b446000 	C:\Program Files\Java\jdk-11.0.10\bin\zip.dll
0x00007ffc61380000 - 0x00007ffc61b6f000 	C:\WINDOWS\System32\SHELL32.dll
0x00007ffc5d130000 - 0x00007ffc5d9f8000 	C:\WINDOWS\SYSTEM32\windows.storage.dll
0x00007ffc5cff0000 - 0x00007ffc5d12e000 	C:\WINDOWS\SYSTEM32\wintypes.dll
0x00007ffc605e0000 - 0x00007ffc606d1000 	C:\WINDOWS\System32\SHCORE.dll
0x00007ffc60c40000 - 0x00007ffc60c9e000 	C:\WINDOWS\System32\shlwapi.dll
0x00007ffc5f040000 - 0x00007ffc5f061000 	C:\WINDOWS\SYSTEM32\profapi.dll
0x00007ffc59f50000 - 0x00007ffc59f5a000 	C:\Program Files\Java\jdk-11.0.10\bin\dt_socket.dll
0x00007ffc5e5d0000 - 0x00007ffc5e639000 	C:\WINDOWS\system32\mswsock.dll
0x00007ffc3bbf0000 - 0x00007ffc3bc09000 	C:\Program Files\Java\jdk-11.0.10\bin\net.dll
0x00007ffc5aea0000 - 0x00007ffc5afcf000 	C:\WINDOWS\SYSTEM32\WINHTTP.dll
0x00007ffc3ab80000 - 0x00007ffc3ab92000 	C:\Program Files\Java\jdk-11.0.10\bin\nio.dll
0x00007ffc59f40000 - 0x00007ffc59f49000 	C:\Program Files\Java\jdk-11.0.10\bin\management.dll
0x00007ffc59f30000 - 0x00007ffc59f3b000 	C:\Program Files\Java\jdk-11.0.10\bin\management_ext.dll
0x00007ffc435d0000 - 0x00007ffc435e7000 	C:\WINDOWS\system32\napinsp.dll
0x00007ffc433f0000 - 0x00007ffc4340b000 	C:\WINDOWS\system32\pnrpnsp.dll
0x00007ffc5dcc0000 - 0x00007ffc5ddb3000 	C:\WINDOWS\SYSTEM32\DNSAPI.dll
0x00007ffc5dc90000 - 0x00007ffc5dcbd000 	C:\WINDOWS\SYSTEM32\IPHLPAPI.DLL
0x00007ffc612d0000 - 0x00007ffc612d9000 	C:\WINDOWS\System32\NSI.dll
0x00007ffc45290000 - 0x00007ffc452a1000 	C:\WINDOWS\System32\winrnr.dll
0x00007ffc56fc0000 - 0x00007ffc56fd5000 	C:\WINDOWS\system32\wshbth.dll
0x00007ffc45260000 - 0x00007ffc45281000 	C:\WINDOWS\system32\nlansp_c.dll
0x00007ffc4f650000 - 0x00007ffc4f65a000 	C:\Windows\System32\rasadhlp.dll
0x00007ffc55600000 - 0x00007ffc55683000 	C:\WINDOWS\System32\fwpuclnt.dll
0x00007ffc5e820000 - 0x00007ffc5e83b000 	C:\WINDOWS\SYSTEM32\CRYPTSP.dll
0x00007ffc5e0d0000 - 0x00007ffc5e105000 	C:\WINDOWS\system32\rsaenh.dll
0x00007ffc5e6c0000 - 0x00007ffc5e6e8000 	C:\WINDOWS\SYSTEM32\USERENV.dll
0x00007ffc5ea50000 - 0x00007ffc5ea78000 	C:\WINDOWS\SYSTEM32\bcrypt.dll
0x00007ffc5e840000 - 0x00007ffc5e84c000 	C:\WINDOWS\SYSTEM32\CRYPTBASE.dll
0x00007ffc57450000 - 0x00007ffc57469000 	C:\WINDOWS\SYSTEM32\dhcpcsvc6.DLL
0x00007ffc57430000 - 0x00007ffc5744f000 	C:\WINDOWS\SYSTEM32\dhcpcsvc.DLL
0x00007ffc4d360000 - 0x00007ffc4d385000 	C:\Program Files\Java\jdk-11.0.10\bin\sunec.dll
0x00007ffc57260000 - 0x00007ffc5726d000 	C:\Program Files\Java\jdk-11.0.10\bin\sunmscapi.dll
0x00007ffc5f230000 - 0x00007ffc5f396000 	C:\WINDOWS\System32\CRYPT32.dll
0x00007ffc5ea20000 - 0x00007ffc5ea4d000 	C:\WINDOWS\SYSTEM32\ncrypt.dll
0x00007ffc5e970000 - 0x00007ffc5e9a7000 	C:\WINDOWS\SYSTEM32\NTASN1.dll

dbghelp: loaded successfully - version: 4.0.5 - missing functions: none
symbol engine: initialized successfully - sym options: 0x614 - pdb path: .;C:\Program Files\Java\jdk-11.0.10\bin;C:\WINDOWS\SYSTEM32;C:\WINDOWS\WinSxS\amd64_microsoft.windows.common-controls_6595b64144ccf1df_6.0.22621.608_none_a9444ca7c10bb01d;C:\Program Files\Java\jdk-11.0.10\bin\server

VM Arguments:
jvm_args: -agentlib:jdwp=transport=dt_socket,address=127.0.0.1:60041,suspend=y,server=n -javaagent:C:\Users\b6350\AppData\Local\JetBrains\Toolbox\apps\IDEA-C\ch-0\223.8214.52\plugins\java\lib\rt\debugger-agent.jar -Dfile.encoding=UTF-8 
java_command: mfa.multiFactorAuth.MultiFactorAuthApplication
java_class_path (initial): C:\Users\b6350\intelliJProject\multiFactorAuth\target\classes;C:\Users\b6350\.m2\repository\org\springframework\boot\spring-boot-starter-data-jpa\2.7.8\spring-boot-starter-data-jpa-2.7.8.jar;C:\Users\b6350\.m2\repository\org\springframework\boot\spring-boot-starter-aop\2.7.8\spring-boot-starter-aop-2.7.8.jar;C:\Users\b6350\.m2\repository\org\aspectj\aspectjweaver\1.9.7\aspectjweaver-1.9.7.jar;C:\Users\b6350\.m2\repository\org\springframework\boot\spring-boot-starter-jdbc\2.7.8\spring-boot-starter-jdbc-2.7.8.jar;C:\Users\b6350\.m2\repository\com\zaxxer\HikariCP\4.0.3\HikariCP-4.0.3.jar;C:\Users\b6350\.m2\repository\org\springframework\spring-jdbc\5.3.25\spring-jdbc-5.3.25.jar;C:\Users\b6350\.m2\repository\jakarta\transaction\jakarta.transaction-api\1.3.3\jakarta.transaction-api-1.3.3.jar;C:\Users\b6350\.m2\repository\jakarta\persistence\jakarta.persistence-api\2.2.3\jakarta.persistence-api-2.2.3.jar;C:\Users\b6350\.m2\repository\org\hibernate\hibernate-core\5.6.14.Final\hibernate-core-5.6.14.Final.jar;C:\Users\b6350\.m2\repository\org\jboss\logging\jboss-logging\3.4.3.Final\jboss-logging-3.4.3.Final.jar;C:\Users\b6350\.m2\repository\net\bytebuddy\byte-buddy\1.12.22\byte-buddy-1.12.22.jar;C:\Users\b6350\.m2\repository\antlr\antlr\2.7.7\antlr-2.7.7.jar;C:\Users\b6350\.m2\repository\org\jboss\jandex\2.4.2.Final\jandex-2.4.2.Final.jar;C:\Users\b6350\.m2\repository\com\fasterxml\classmate\1.5.1\classmate-1.5.1.jar;C:\Users\b6350\.m2\repository\org\hibernate\common\hibernate-commons-annotations\5.1.2.Final\hibernate-commons-annotations-5.1.2.Final.jar;C:\Users\b6350\.m2\repository\org\glassfish\jaxb\jaxb-runtime\2.3.7\jaxb-runtime-2.3.7.jar;C:\Users\b6350\.m2\repository\org\glassfish\jaxb\txw2\2.3.7\txw2-2.3.7.jar;C:\Users\b6350\.m2\repository\com\sun\istack\istack-commons-runtime\3.0.12\istack-commons-runtime-3.0.12.jar;C:\Users\b6350\.m2\repository\com\sun\activation\jakarta.activation\1.2.2\jakarta.activation-1.2.2.jar;C:\Users\b6350\.m2\rep
Launcher Type: SUN_STANDARD

[Global flags]
     intx CICompilerCount                          = 4                                         {product} {ergonomic}
     uint ConcGCThreads                            = 2                                         {product} {ergonomic}
     uint G1ConcRefinementThreads                  = 8                                         {product} {ergonomic}
   size_t G1HeapRegionSize                         = 1048576                                   {product} {ergonomic}
    uintx GCDrainStackTargetSize                   = 64                                        {product} {ergonomic}
   size_t InitialHeapSize                          = 266338304                                 {product} {ergonomic}
   size_t MarkStackSize                            = 4194304                                   {product} {ergonomic}
   size_t MaxHeapSize                              = 4242538496                                {product} {ergonomic}
   size_t MaxNewSize                               = 2544893952                                {product} {ergonomic}
   size_t MinHeapDeltaBytes                        = 1048576                                   {product} {ergonomic}
    uintx NonNMethodCodeHeapSize                   = 5836300                                {pd product} {ergonomic}
    uintx NonProfiledCodeHeapSize                  = 122910970                              {pd product} {ergonomic}
    uintx ProfiledCodeHeapSize                     = 122910970                              {pd product} {ergonomic}
    uintx ReservedCodeCacheSize                    = 251658240                              {pd product} {ergonomic}
     bool SegmentedCodeCache                       = true                                      {product} {ergonomic}
     bool UseCompressedClassPointers               = true                                 {lp64_product} {ergonomic}
     bool UseCompressedOops                        = true                                 {lp64_product} {ergonomic}
     bool UseG1GC                                  = true                                      {product} {ergonomic}
     bool UseLargePagesIndividualAllocation        = false                                  {pd product} {ergonomic}

Logging:
Log output configuration:
 #0: stdout all=warning uptime,level,tags
 #1: stderr all=off uptime,level,tags

Environment Variables:
PATH=C:\oraclexe\app\oracle\product\11.2.0\server\bin;C:\app\b6350\product\11.2.0\dbhome_1\bin;C:\Program Files\Common Files\Oracle\Java\javapath;C:\Program Files (x86)\Common Files\Oracle\Java\javapath;C:\app\b6350\virtual\product\12.2.0\dbhome_1\bin;C:\Program Files (x86)\Intel\Intel(R) Management Engine Components\iCLS\;C:\Program Files\Intel\Intel(R) Management Engine Components\iCLS\;C:\WINDOWS\system32;C:\WINDOWS;C:\WINDOWS\System32\Wbem;C:\WINDOWS\System32\WindowsPowerShell\v1.0\;C:\WINDOWS\System32\OpenSSH\;C:\Program Files (x86)\Intel\Intel(R) Management Engine Components\DAL;C:\Program Files\Intel\Intel(R) Management Engine Components\DAL;C:\Program Files\MATLAB\R2020a\bin;C:\Users\b6350\anaconda3\Lib\site-packages\graphviz;C:\Program Files (x86)\PuTTY\;C:\Program Files\Java\jdk1.8.0_281\bin;C:\Users\b6350\AppData\Local\Android\Sdk\platform-tools;C:\Program Files\Java\jdk-13.0.2\bin;C:\Program Files (x86)\GnuWin32\bin;C:\Program Files\nodejs\;C:\Program Files\Git\cmd;C:\Users\b6350\AppData\Local\Programs\Python\Python38\Scripts\;C:\Users\b6350\AppData\Local\Programs\Python\Python38\;C:\Users\b6350\AppData\Local\Microsoft\WindowsApps;C:\texlive\2019\bin\win32;C:\Program Files\Bandizip\;C:\Users\b6350\AppData\Local\JetBrains\Toolbox\scripts;C:\Users\b6350\AppData\Roaming\npm;%USERPROFILE%\AppData\Local\Microsoft\WindowsApps
USERNAME=b6350
OS=Windows_NT
PROCESSOR_IDENTIFIER=Intel64 Family 6 Model 142 Stepping 12, GenuineIntel



---------------  S Y S T E M  ---------------

OS: Windows 10 , 64 bit Build 22621 (10.0.22621.1194)

CPU:total 8 (initial active 8) (4 cores per cpu, 2 threads per core) family 6 model 142 stepping 12 microcode 0xde, cmov, cx8, fxsr, mmx, sse, sse2, sse3, ssse3, sse4.1, sse4.2, popcnt, avx, avx2, aes, clmul, erms, 3dnowpref, lzcnt, ht, tsc, tscinvbit, bmi1, bmi2, adx, fma

Memory: 4k page, system-wide physical 16178M (4652M free)
TotalPageFile size 18226M (AvailPageFile size 5M)
current process WorkingSet (physical memory assigned to process): 443M, peak: 445M
current process commit charge ("private bytes"): 567M, peak: 616M

vm_info: Java HotSpot(TM) 64-Bit Server VM (11.0.10+8-LTS-162) for windows-amd64 JRE (11.0.10+8-LTS-162), built on Dec  8 2020 16:32:57 by "mach5one" with MS VC++ 15.9 (VS2017)

END.
